[debug] [2022-09-28T17:20:28.275Z] ----------------------------------------------------------------------
[debug] [2022-09-28T17:20:28.276Z] Command:       /opt/homebrew/Cellar/node/18.0.0/bin/node /opt/homebrew/bin/firebase deploy
[debug] [2022-09-28T17:20:28.276Z] CLI Version:   10.6.0
[debug] [2022-09-28T17:20:28.277Z] Platform:      darwin
[debug] [2022-09-28T17:20:28.277Z] Node Version:  v18.0.0
[debug] [2022-09-28T17:20:28.280Z] Time:          Thu Sep 29 2022 01:20:28 GMT+0800 (Hong Kong Standard Time)
[debug] [2022-09-28T17:20:28.280Z] ----------------------------------------------------------------------
[debug] 
[debug] [2022-09-28T17:20:28.316Z] > command requires scopes: ["email","openid","https://www.googleapis.com/auth/cloudplatformprojects.readonly","https://www.googleapis.com/auth/firebase","https://www.googleapis.com/auth/cloud-platform"]
[debug] [2022-09-28T17:20:28.316Z] > authorizing via signed-in user (chengmark1211@gmail.com)
[debug] [2022-09-28T17:20:28.316Z] [iam] checking project ocr-tool-363013 for permissions ["cloudfunctions.functions.create","cloudfunctions.functions.delete","cloudfunctions.functions.get","cloudfunctions.functions.list","cloudfunctions.functions.update","cloudfunctions.operations.get","datastore.indexes.create","datastore.indexes.delete","datastore.indexes.list","datastore.indexes.update","firebase.projects.get","firebasedatabase.instances.update","firebasehosting.sites.update","firebaserules.releases.create","firebaserules.releases.update","firebaserules.rulesets.create"]
[debug] [2022-09-28T17:20:28.317Z] > refreshing access token with scopes: []
[debug] [2022-09-28T17:20:28.317Z] >>> HTTP REQUEST POST https://www.googleapis.com/oauth2/v3/token  
 <request body omitted>
[debug] [2022-09-28T17:20:28.445Z] <<< HTTP RESPONSE 200 {"pragma":"no-cache","date":"Wed, 28 Sep 2022 17:20:28 GMT","expires":"Mon, 01 Jan 1990 00:00:00 GMT","cache-control":"no-cache, no-store, max-age=0, must-revalidate","content-type":"application/json; charset=utf-8","vary":"X-Origin, Referer, Origin,Accept-Encoding","server":"scaffolding on HTTPServer2","x-xss-protection":"0","x-frame-options":"SAMEORIGIN","x-content-type-options":"nosniff","alt-svc":"h3=\":443\"; ma=2592000,h3-29=\":443\"; ma=2592000,h3-Q050=\":443\"; ma=2592000,h3-Q046=\":443\"; ma=2592000,h3-Q043=\":443\"; ma=2592000,quic=\":443\"; ma=2592000; v=\"46,43\"","accept-ranges":"none","transfer-encoding":"chunked"}
[debug] [2022-09-28T17:20:28.487Z] >>> [apiv2][query] POST https://cloudresourcemanager.googleapis.com/v1/projects/ocr-tool-363013:testIamPermissions [none]
[debug] [2022-09-28T17:20:28.487Z] >>> [apiv2][body] POST https://cloudresourcemanager.googleapis.com/v1/projects/ocr-tool-363013:testIamPermissions {"permissions":["cloudfunctions.functions.create","cloudfunctions.functions.delete","cloudfunctions.functions.get","cloudfunctions.functions.list","cloudfunctions.functions.update","cloudfunctions.operations.get","datastore.indexes.create","datastore.indexes.delete","datastore.indexes.list","datastore.indexes.update","firebase.projects.get","firebasedatabase.instances.update","firebasehosting.sites.update","firebaserules.releases.create","firebaserules.releases.update","firebaserules.rulesets.create"]}
[debug] [2022-09-28T17:20:29.537Z] <<< [apiv2][status] POST https://cloudresourcemanager.googleapis.com/v1/projects/ocr-tool-363013:testIamPermissions 200
[debug] [2022-09-28T17:20:29.538Z] <<< [apiv2][body] POST https://cloudresourcemanager.googleapis.com/v1/projects/ocr-tool-363013:testIamPermissions {"permissions":["cloudfunctions.functions.create","cloudfunctions.functions.delete","cloudfunctions.functions.get","cloudfunctions.functions.list","cloudfunctions.functions.update","cloudfunctions.operations.get","datastore.indexes.create","datastore.indexes.delete","datastore.indexes.list","datastore.indexes.update","firebase.projects.get","firebasedatabase.instances.update","firebasehosting.sites.update","firebaserules.releases.create","firebaserules.releases.update","firebaserules.rulesets.create"]}
[debug] [2022-09-28T17:20:29.538Z] >>> [apiv2][query] POST https://iam.googleapis.com/v1/projects/ocr-tool-363013/serviceAccounts/ocr-tool-363013@appspot.gserviceaccount.com:testIamPermissions [none]
[debug] [2022-09-28T17:20:29.538Z] >>> [apiv2][body] POST https://iam.googleapis.com/v1/projects/ocr-tool-363013/serviceAccounts/ocr-tool-363013@appspot.gserviceaccount.com:testIamPermissions {"permissions":["iam.serviceAccounts.actAs"]}
